\BOOKMARK [0][-]{chapter.1}{Delta-Relational Mapping}{}% 1
\BOOKMARK [1][-]{section.1.1}{Introduction}{chapter.1}% 2
\BOOKMARK [1][-]{section.1.2}{Introduction of Case Study}{chapter.1}% 3
\BOOKMARK [1][-]{section.1.3}{Mapping Technique}{chapter.1}% 4
\BOOKMARK [2][-]{subsection.1.3.1}{The Methodology of Mapping Technique}{section.1.3}% 5
\BOOKMARK [2][-]{subsection.1.3.2}{Relational Database Schema Elements}{section.1.3}% 6
\BOOKMARK [2][-]{subsection.1.3.3}{Core ABS and Delta Modules}{section.1.3}% 7
\BOOKMARK [2][-]{subsection.1.3.4}{Mismatch between ABS Language and Relational Database Schema}{section.1.3}% 8
\BOOKMARK [3][-]{section*.4}{Primary Key in Relational Database}{subsection.1.3.4}% 9
\BOOKMARK [3][-]{section*.5}{Predefined Data Type in ABS}{subsection.1.3.4}% 10
\BOOKMARK [3][-]{section*.6}{Parametric Data Type in ABS}{subsection.1.3.4}% 11
\BOOKMARK [3][-]{section*.7}{Object type in ABS}{subsection.1.3.4}% 12
\BOOKMARK [3][-]{section*.8}{Referential Integrity in Relational Database}{subsection.1.3.4}% 13
\BOOKMARK [1][-]{section.1.4}{Implementation of Mapping Technique towards Case Study}{chapter.1}% 14
\BOOKMARK [2][-]{subsection.1.4.1}{The Expected Results}{section.1.4}% 15
\BOOKMARK [2][-]{subsection.1.4.2}{Case Study Implementation in ABS}{section.1.4}% 16
\BOOKMARK [3][-]{section*.9}{Module Project}{subsection.1.4.2}% 17
\BOOKMARK [3][-]{section*.10}{Module Donor}{subsection.1.4.2}% 18
\BOOKMARK [3][-]{section*.11}{Delta Modules}{subsection.1.4.2}% 19
\BOOKMARK [3][-]{section*.12}{Feature Model}{subsection.1.4.2}% 20
\BOOKMARK [3][-]{section*.13}{Product Line Configuration}{subsection.1.4.2}% 21
\BOOKMARK [3][-]{section*.14}{Products Declaration}{subsection.1.4.2}% 22
\BOOKMARK [2][-]{subsection.1.4.3}{Implementation of Mapping Technique in the Case Study}{section.1.4}% 23
\BOOKMARK [2][-]{subsection.1.4.4}{Evaluation}{section.1.4}% 24
\BOOKMARK [1][-]{section.1.5}{Conclusion and Future Work}{chapter.1}% 25
\BOOKMARK [2][-]{subsection.1.5.1}{Conclusion}{section.1.5}% 26
\BOOKMARK [2][-]{subsection.1.5.2}{Future Work}{section.1.5}% 27
